<?xml version="1.0" encoding="UTF-8"?>
<!-- Generated by org.testng.reporters.JUnitReportReporter -->
<testsuite hostname="LAPTOP-VD99SRCL" failures="0" tests="4" name="com.Demo_Project.Scripts.PurchaseTest" time="4.630" errors="0" timestamp="2023-07-20T23:39:19 IST" skipped="2">
  <testcase classname="com.Demo_Project.Scripts.PurchaseTest" name="verifyPurchase" time="1.299">
    <skipped/>
  </testcase> <!-- verifyPurchase -->
  <system-out/>
  <testcase classname="com.Demo_Project.Scripts.PurchaseTest" name="verifyPurchase" time="0.704">
    <skipped/>
  </testcase> <!-- verifyPurchase -->
  <system-out/>
  <testcase classname="com.Demo_Project.Scripts.PurchaseTest" name="verifyPurchase" time="1.961"/>
  <system-out/>
  <testcase classname="com.Demo_Project.Scripts.PurchaseTest" name="verifyElementTable" time="0.666"/>
  <system-out/>
</testsuite> <!-- com.Demo_Project.Scripts.PurchaseTest -->
