<?xml version="1.0" encoding="UTF-8"?>
<!-- Generated by org.testng.reporters.JUnitReportReporter -->
<testsuite hostname="LAPTOP-VD99SRCL" failures="0" tests="4" name="com.Demo_Project.Scripts.LoginTest" time="11.431" errors="0" timestamp="2023-07-24T17:45:04 IST" skipped="0">
  <testcase classname="com.Demo_Project.Scripts.LoginTest" name="verifySigninInvalidUserInvalidpass" time="1.938"/>
  <system-out/>
  <testcase classname="com.Demo_Project.Scripts.LoginTest" name="verifySigninInvalidUserValidpass" time="1.850"/>
  <system-out/>
  <testcase classname="com.Demo_Project.Scripts.LoginTest" name="verifySigninValidUserInvalidpass" time="1.764"/>
  <system-out/>
  <testcase classname="com.Demo_Project.Scripts.LoginTest" name="verifySigninValidUserValidpass" time="5.879"/>
  <system-out/>
</testsuite> <!-- com.Demo_Project.Scripts.LoginTest -->
