<?xml version="1.0" encoding="UTF-8"?>
<!-- Generated by org.testng.reporters.JUnitReportReporter -->
<testsuite hostname="LAPTOP-VD99SRCL" failures="0" tests="4" name="com.Demo_Project.Scripts.LoginTest" time="8.439" errors="0" timestamp="2023-07-20T23:39:19 IST" skipped="0">
  <testcase classname="com.Demo_Project.Scripts.LoginTest" name="verifySigninInvalidUserInvalidpass" time="2.034"/>
  <system-out/>
  <testcase classname="com.Demo_Project.Scripts.LoginTest" name="verifySigninInvalidUserValidpass" time="1.566"/>
  <system-out/>
  <testcase classname="com.Demo_Project.Scripts.LoginTest" name="verifySigninValidUserInvalidpass" time="1.546"/>
  <system-out/>
  <testcase classname="com.Demo_Project.Scripts.LoginTest" name="verifySigninValidUserValidpass" time="3.293"/>
  <system-out/>
</testsuite> <!-- com.Demo_Project.Scripts.LoginTest -->
