<?xml version="1.0" encoding="UTF-8"?>
<!-- Generated by org.testng.reporters.JUnitReportReporter -->
<testsuite hostname="LAPTOP-VD99SRCL" failures="0" tests="3" name="com.Demo_Project.Scripts.PurchaseTest" time="4.308" errors="0" timestamp="2023-07-24T17:45:04 IST" skipped="1">
  <testcase classname="com.Demo_Project.Scripts.PurchaseTest" name="verifyNagivatetoPurchasePage" time="0.638">
    <skipped/>
  </testcase> <!-- verifyNagivatetoPurchasePage -->
  <system-out/>
  <testcase classname="com.Demo_Project.Scripts.PurchaseTest" name="verifyNagivatetoPurchasePage" time="3.005"/>
  <system-out/>
  <testcase classname="com.Demo_Project.Scripts.PurchaseTest" name="verifyElementTable" time="0.665"/>
  <system-out/>
</testsuite> <!-- com.Demo_Project.Scripts.PurchaseTest -->
