<?xml version="1.0" encoding="UTF-8"?>
<!-- Generated by org.testng.reporters.JUnitReportReporter -->
<testsuite hostname="LAPTOP-VD99SRCL" failures="0" tests="9" name="com.Demo_Project.Scripts.ProductsTest" time="17.847" errors="0" timestamp="2023-07-20T23:39:19 IST" skipped="0">
  <testcase classname="com.Demo_Project.Scripts.ProductsTest" name="clickendTour" time="0.680"/>
  <system-out/>
  <testcase classname="com.Demo_Project.Scripts.ProductsTest" name="verifyProducts" time="2.449"/>
  <system-out/>
  <testcase classname="com.Demo_Project.Scripts.ProductsTest" name="selectProductType" time="0.453"/>
  <system-out/>
  <testcase classname="com.Demo_Project.Scripts.ProductsTest" name="verifySearch" time="2.608"/>
  <system-out/>
  <testcase classname="com.Demo_Project.Scripts.ProductsTest" name="verifyAddproduct" time="5.033"/>
  <system-out/>
  <testcase classname="com.Demo_Project.Scripts.ProductsTest" name="verifyImageUpload" time="3.580"/>
  <system-out/>
  <testcase classname="com.Demo_Project.Scripts.ProductsTest" name="verifyBrands" time="2.416"/>
  <system-out/>
  <testcase classname="com.Demo_Project.Scripts.ProductsTest" name="verifyAddDetails" time="0.458"/>
  <system-out/>
  <testcase classname="com.Demo_Project.Scripts.ProductsTest" name="verifySaveDetails" time="0.170"/>
  <system-out/>
</testsuite> <!-- com.Demo_Project.Scripts.ProductsTest -->
