<?xml version="1.0" encoding="UTF-8"?>
<!-- Generated by org.testng.reporters.JUnitReportReporter -->
<testsuite hostname="LAPTOP-VD99SRCL" failures="0" tests="1" name="com.Demo_Project.Scripts.SettingsTest" time="2.571" errors="0" timestamp="2023-07-20T23:39:19 IST" skipped="0">
  <testcase classname="com.Demo_Project.Scripts.SettingsTest" name="verifyCheckSettings" time="2.571"/>
  <system-out/>
</testsuite> <!-- com.Demo_Project.Scripts.SettingsTest -->
