<?xml version="1.0" encoding="UTF-8"?>
<!-- Generated by org.testng.reporters.JUnitReportReporter -->
<testsuite hostname="LAPTOP-VD99SRCL" failures="0" tests="9" name="com.Demo_Project.Scripts.ProductsTest" time="19.772" errors="0" timestamp="2023-07-24T17:45:04 IST" skipped="0">
  <testcase classname="com.Demo_Project.Scripts.ProductsTest" name="clickendTour" time="0.539"/>
  <system-out/>
  <testcase classname="com.Demo_Project.Scripts.ProductsTest" name="verifyProducts" time="2.490"/>
  <system-out/>
  <testcase classname="com.Demo_Project.Scripts.ProductsTest" name="selectProductType" time="0.418"/>
  <system-out/>
  <testcase classname="com.Demo_Project.Scripts.ProductsTest" name="verifySearch" time="2.577"/>
  <system-out/>
  <testcase classname="com.Demo_Project.Scripts.ProductsTest" name="verifyAddproduct" time="6.937"/>
  <system-out/>
  <testcase classname="com.Demo_Project.Scripts.ProductsTest" name="verifyImageUpload" time="3.575"/>
  <system-out/>
  <testcase classname="com.Demo_Project.Scripts.ProductsTest" name="verifyBrands" time="2.501"/>
  <system-out/>
  <testcase classname="com.Demo_Project.Scripts.ProductsTest" name="verifyAddDetails" time="0.532"/>
  <system-out/>
  <testcase classname="com.Demo_Project.Scripts.ProductsTest" name="verifySaveDetails" time="0.203"/>
  <system-out/>
</testsuite> <!-- com.Demo_Project.Scripts.ProductsTest -->
